<?xml version="1.0" encoding="UTF-8"?>
<!-- Generated by org.testng.reporters.JUnitReportReporter -->
<testsuite skipped="0" hostname="msizi-mondia" name="com.totalbeginner.springbootswaggerdemo.resource.UserResourceTest" tests="2" failures="0" timestamp="02 Jul 2019 14:36:45 GMT" time="2.245" errors="0">
  <testcase name="testGetAUser" time="1.111" classname="com.totalbeginner.springbootswaggerdemo.resource.UserResourceTest"/>
  <testcase name="testGetAllUsers" time="1.134" classname="com.totalbeginner.springbootswaggerdemo.resource.UserResourceTest"/>
</testsuite> <!-- com.totalbeginner.springbootswaggerdemo.resource.UserResourceTest -->
