<?xml version="1.0" encoding="UTF-8"?>
<!-- Generated by org.testng.reporters.JUnitReportReporter -->
<testsuite skipped="0" hostname="msizi-mondia" name="com.totalbeginner.springbootswaggerdemo.SpringBootSwaggerDemoApplicationTests" tests="1" failures="0" timestamp="02 Jul 2019 14:36:45 GMT" time="1.762" errors="0">
  <testcase name="contextLoads" time="1.762" classname="com.totalbeginner.springbootswaggerdemo.SpringBootSwaggerDemoApplicationTests"/>
</testsuite> <!-- com.totalbeginner.springbootswaggerdemo.SpringBootSwaggerDemoApplicationTests -->
