<?xml version="1.0" encoding="UTF-8"?>
<!-- Generated by org.testng.reporters.JUnitReportReporter -->
<testsuite skipped="0" hostname="msizi-mondia" name="com.totalbeginner.springbootswaggerdemo.resource.UserTest" tests="2" failures="0" timestamp="02 Jul 2019 14:36:45 GMT" time="0.004" errors="0">
  <testcase name="testUserSalary" time="0.002" classname="com.totalbeginner.springbootswaggerdemo.resource.UserTest"/>
  <testcase name="testUserName" time="0.002" classname="com.totalbeginner.springbootswaggerdemo.resource.UserTest"/>
</testsuite> <!-- com.totalbeginner.springbootswaggerdemo.resource.UserTest -->
