<?xml version="1.0" encoding="UTF-8"?>
<!-- Generated by org.testng.reporters.JUnitReportReporter -->
<testsuite skipped="0" hostname="msizi-mondia" name="com.totalbeginner.springbootswaggerdemo.resource.HelloResourceTest" tests="2" failures="0" timestamp="02 Jul 2019 14:36:45 GMT" time="11.788" errors="0">
  <testcase name="testTesting" time="5.864" classname="com.totalbeginner.springbootswaggerdemo.resource.HelloResourceTest"/>
  <testcase name="tesHelloWorld" time="5.924" classname="com.totalbeginner.springbootswaggerdemo.resource.HelloResourceTest"/>
</testsuite> <!-- com.totalbeginner.springbootswaggerdemo.resource.HelloResourceTest -->
